<?xml version="1.0" encoding="UTF-8"?>
<!-- Generated by org.testng.reporters.JUnitXMLReporter -->
<testsuite ignored="4" hostname="DESKTOP-E23CG37" failures="7" tests="10" name="Automation Test" time="17.299" errors="0" timestamp="2023-12-07T12:30:52 IST">
  <testcase classname="automation.TestAutomationFramework.test.RegisterTest" name="toTestRegisterWithValidDetails" time="8.86"/>
  <testcase classname="automation.TestAutomationFramework.test.RegisterTest" name="toTestRegisterAlreadyRegUser" time="5.73"/>
  <testcase classname="automation.TestAutomationFramework.test.RegisterTest" name="toTestRegisterWithoutAnyDetails" time="2.588"/>
  <testcase classname="automation.TestAutomationFramework.test.LoginTest" name="toTestValidLogin" time="0.003">
    <failure type="java.lang.NullPointerException" message="Cannot invoke &amp;quot;org.openqa.selenium.WebDriver.get(String)&amp;quot; because &amp;quot;this.driver&amp;quot; is null">
      <![CDATA[java.lang.NullPointerException: Cannot invoke "org.openqa.selenium.WebDriver.get(String)" because "this.driver" is null
at automation.TestAutomationFramework.test.LoginTest.toTestValidLogin(LoginTest.java:14)
at java.base/java.util.ArrayList.forEach(ArrayList.java:1511)
... Removed 27 stack frames]]>
    </failure>
  </testcase> <!-- toTestValidLogin -->
  <testcase classname="automation.TestAutomationFramework.test.LoginTest" name="toTestLoginwithInValidUNameAndPswd" time="0.002">
    <failure type="java.lang.NullPointerException" message="Cannot invoke &amp;quot;org.openqa.selenium.WebDriver.get(String)&amp;quot; because &amp;quot;this.driver&amp;quot; is null">
      <![CDATA[java.lang.NullPointerException: Cannot invoke "org.openqa.selenium.WebDriver.get(String)" because "this.driver" is null
at automation.TestAutomationFramework.test.LoginTest.toTestLoginwithInValidUNameAndPswd(LoginTest.java:24)
at java.base/java.util.ArrayList.forEach(ArrayList.java:1511)
... Removed 27 stack frames]]>
    </failure>
  </testcase> <!-- toTestLoginwithInValidUNameAndPswd -->
  <testcase classname="automation.TestAutomationFramework.test.LoginTest" name="toTestLoginWithoutUsernameAndPassword" time="0.002">
    <failure type="java.lang.NullPointerException" message="Cannot invoke &amp;quot;org.openqa.selenium.WebDriver.get(String)&amp;quot; because &amp;quot;this.driver&amp;quot; is null">
      <![CDATA[java.lang.NullPointerException: Cannot invoke "org.openqa.selenium.WebDriver.get(String)" because "this.driver" is null
at automation.TestAutomationFramework.test.LoginTest.toTestLoginWithoutUsernameAndPassword(LoginTest.java:33)
at java.base/java.util.ArrayList.forEach(ArrayList.java:1511)
... Removed 27 stack frames]]>
    </failure>
  </testcase> <!-- toTestLoginWithoutUsernameAndPassword -->
  <testcase classname="automation.TestAutomationFramework.test.FlightsTest" name="testOnewayTrip_validAndInvalidDetials" time="0.003">
    <failure type="java.lang.NullPointerException" message="Cannot invoke &amp;quot;org.openqa.selenium.WebDriver.get(String)&amp;quot; because &amp;quot;this.driver&amp;quot; is null">
      <![CDATA[java.lang.NullPointerException: Cannot invoke "org.openqa.selenium.WebDriver.get(String)" because "this.driver" is null
at automation.TestAutomationFramework.test.FlightsTest.testOnewayTrip_validAndInvalidDetials(FlightsTest.java:15)
at java.base/java.util.ArrayList.forEach(ArrayList.java:1511)
... Removed 27 stack frames]]>
    </failure>
  </testcase> <!-- testOnewayTrip_validAndInvalidDetials -->
  <testcase classname="automation.TestAutomationFramework.test.FlightsTest" name="testOnewayTrip_validAndInvalidDetials" time="0.003">
    <failure type="java.lang.NullPointerException" message="Cannot invoke &amp;quot;org.openqa.selenium.WebDriver.get(String)&amp;quot; because &amp;quot;this.driver&amp;quot; is null">
      <![CDATA[java.lang.NullPointerException: Cannot invoke "org.openqa.selenium.WebDriver.get(String)" because "this.driver" is null
at automation.TestAutomationFramework.test.FlightsTest.testOnewayTrip_validAndInvalidDetials(FlightsTest.java:15)
at java.base/java.util.ArrayList.forEach(ArrayList.java:1511)
... Removed 27 stack frames]]>
    </failure>
  </testcase> <!-- testOnewayTrip_validAndInvalidDetials -->
  <testcase classname="automation.TestAutomationFramework.test.FlightsTest" name="testTwoWayTrip_validAndInvalidDetials" time="0.003">
    <failure type="java.lang.NullPointerException" message="Cannot invoke &amp;quot;org.openqa.selenium.WebDriver.get(String)&amp;quot; because &amp;quot;this.driver&amp;quot; is null">
      <![CDATA[java.lang.NullPointerException: Cannot invoke "org.openqa.selenium.WebDriver.get(String)" because "this.driver" is null
at automation.TestAutomationFramework.test.FlightsTest.testTwoWayTrip_validAndInvalidDetials(FlightsTest.java:27)
at java.base/java.util.ArrayList.forEach(ArrayList.java:1511)
... Removed 27 stack frames]]>
    </failure>
  </testcase> <!-- testTwoWayTrip_validAndInvalidDetials -->
  <testcase classname="automation.TestAutomationFramework.test.FlightsTest" name="testTwoWayTrip_validAndInvalidDetials" time="0.002">
    <failure type="java.lang.NullPointerException" message="Cannot invoke &amp;quot;org.openqa.selenium.WebDriver.get(String)&amp;quot; because &amp;quot;this.driver&amp;quot; is null">
      <![CDATA[java.lang.NullPointerException: Cannot invoke "org.openqa.selenium.WebDriver.get(String)" because "this.driver" is null
at automation.TestAutomationFramework.test.FlightsTest.testTwoWayTrip_validAndInvalidDetials(FlightsTest.java:27)
at java.base/java.util.ArrayList.forEach(ArrayList.java:1511)
... Removed 27 stack frames]]>
    </failure>
  </testcase> <!-- testTwoWayTrip_validAndInvalidDetials -->
  <testcase classname="automation.TestAutomationFramework.test.BaseTest" name="@BeforeSuite setUp" time="0.0">
    <ignored/>
  </testcase> <!-- @BeforeSuite setUp -->
  <testcase classname="automation.TestAutomationFramework.test.BaseTest" name="@BeforeSuite setUp" time="0.0">
    <ignored/>
  </testcase> <!-- @BeforeSuite setUp -->
  <testcase classname="automation.TestAutomationFramework.test.BaseTest" name="@AfterSuite destroyDriver" time="0.0">
    <ignored/>
  </testcase> <!-- @AfterSuite destroyDriver -->
  <testcase classname="automation.TestAutomationFramework.test.BaseTest" name="@AfterSuite destroyDriver" time="0.0">
    <ignored/>
  </testcase> <!-- @AfterSuite destroyDriver -->
</testsuite> <!-- Automation Test -->
